<?xml version="1.0" encoding="UTF-8"?>
<!-- Generated by org.testng.reporters.JUnitXMLReporter -->
<testsuite ignored="0" hostname="Manoj_Kumar_M" failures="0" tests="2" name="Smoke" time="25.625" errors="0" timestamp="2023-09-07T10:06:28 IST">
  <testcase classname="com.comcast.crm.organisation.Test.CreateOrganisationTest" name="abc" time="0.012"/>
  <testcase classname="com.comcast.crm.organisation.Test.CreateOrganisationTest" name="createOrg" time="0.0">
    <skipped/>
  </testcase> <!-- createOrg -->
</testsuite> <!-- Smoke -->
