<?xml version="1.0" encoding="UTF-8"?>
<!-- Generated by org.testng.reporters.JUnitXMLReporter -->
<testsuite ignored="0" hostname="Manoj_Kumar_M" failures="0" tests="8" name="Test" time="175.182" errors="0" timestamp="2023-09-07T12:47:28 IST">
  <testcase classname="com.comcast.crm.contact.Test.CreateContactWithOrgTest" name="createContactTest" time="19.975"/>
  <testcase classname="com.comcast.crm.organisation.Test.CreateOrganisationTest" name="abc" time="0.005"/>
  <testcase classname="com.comcast.crm.organisation.Test.CreateOrganisationTest" name="createOrg" time="15.641"/>
  <testcase classname="com.comcast.crm.organisation.Test.CreateOrgwithIndustryTest" name="createOrgWithIndustry" time="13.414"/>
  <testcase classname="com.comcast.crm.organisation.Test.CreateOrgwithPhoneNumberTest" name="createOrgWithPhone" time="14.737"/>
  <testcase classname="com.comcast.crm.contact.Test.CreateContactTest" name="createContactTest" time="12.854"/>
  <testcase classname="com.comcast.crm.contact.Test.CreateContactTest" name="heyYou" time="0.005"/>
  <testcase classname="com.comcast.crm.contact.Test.CreateContactwithSuportDateTest" name="createContact" time="13.675"/>
</testsuite> <!-- Test -->
