<?xml version="1.0" encoding="UTF-8"?>
<testng-results ignored="0" total="1" passed="1" failed="0" skipped="0">
  <reporter-output>
  </reporter-output>
  <suite started-at="2023-09-07T12:52:37 IST" name="Default suite" finished-at="2023-09-07T12:53:04 IST" duration-ms="27094">
    <groups>
      <group name="smoke">
        <method signature="CreateContactwithSuportDateTest.createContactwithPhonenum(java.lang.reflect.Method)[pri:0, instance:com.comcast.crm.contact.Test.CreateContactwithSuportDateTest@3e8c3cb]" name="createContactwithPhonenum" class="com.comcast.crm.contact.Test.CreateContactwithSuportDateTest"/>
      </group> <!-- smoke -->
    </groups>
    <test started-at="2023-09-07T12:52:37 IST" name="Default test" finished-at="2023-09-07T12:53:04 IST" duration-ms="27094">
      <class name="com.comcast.crm.contact.Test.CreateContactwithSuportDateTest">
        <test-method is-config="true" signature="navigateToWebpage()[pri:0, instance:com.comcast.crm.contact.Test.CreateContactwithSuportDateTest@3e8c3cb]" started-at="2023-09-07T12:52:37 IST" name="navigateToWebpage" finished-at="2023-09-07T12:52:42 IST" duration-ms="4785" status="PASS">
          <reporter-output>
          </reporter-output>
        </test-method> <!-- navigateToWebpage -->
        <test-method is-config="true" signature="login()[pri:0, instance:com.comcast.crm.contact.Test.CreateContactwithSuportDateTest@3e8c3cb]" started-at="2023-09-07T12:52:42 IST" name="login" finished-at="2023-09-07T12:52:46 IST" duration-ms="4143" status="PASS">
          <reporter-output>
          </reporter-output>
        </test-method> <!-- login -->
        <test-method signature="createContactwithPhonenum(java.lang.reflect.Method)[pri:0, instance:com.comcast.crm.contact.Test.CreateContactwithSuportDateTest@3e8c3cb]" started-at="2023-09-07T12:52:46 IST" name="createContactwithPhonenum" finished-at="2023-09-07T12:53:02 IST" duration-ms="15710" status="PASS">
          <params>
            <param index="0">
              <value>
                <![CDATA[public void com.comcast.crm.contact.Test.CreateContactwithSuportDateTest.createContactwithPhonenum(java.lang.reflect.Method) throws java.lang.Throwable]]>
              </value>
            </param>
          </params>
          <reporter-output>
          </reporter-output>
        </test-method> <!-- createContactwithPhonenum -->
        <test-method is-config="true" signature="logout()[pri:0, instance:com.comcast.crm.contact.Test.CreateContactwithSuportDateTest@3e8c3cb]" started-at="2023-09-07T12:53:02 IST" name="logout" finished-at="2023-09-07T12:53:04 IST" duration-ms="1951" status="PASS">
          <reporter-output>
          </reporter-output>
        </test-method> <!-- logout -->
        <test-method is-config="true" signature="closeBrowser()[pri:0, instance:com.comcast.crm.contact.Test.CreateContactwithSuportDateTest@3e8c3cb]" started-at="2023-09-07T12:53:04 IST" name="closeBrowser" finished-at="2023-09-07T12:53:04 IST" duration-ms="402" status="PASS">
          <reporter-output>
          </reporter-output>
        </test-method> <!-- closeBrowser -->
      </class> <!-- com.comcast.crm.contact.Test.CreateContactwithSuportDateTest -->
    </test> <!-- Default test -->
  </suite> <!-- Default suite -->
</testng-results>
